----------------------------------------
Begin PBS Prologue Thu Aug 17 12:49:02 EDT 2017 1502988542
Job ID:		97888995.gm-1r16-n04.guillimin.clumeq.ca
Username:	hophy
Group:		fyw-423-02
Nodes:		sw-4r04-n08
End PBS Prologue Thu Aug 17 12:49:02 EDT 2017 1502988542
----------------------------------------
Reading input from file input.out
Dim			:0.94407 
 Delr			:0.1 
 N				:48000 
 Maxbin_x			:413 
 Maxbin_y			:3167 
 Max_Maxbin			:3167 
 Drmax			:0.472035 
 Isave			:50 
 Iprint			:50 
 Iratio			:1 
 Cells.x			:20 
 Cells.y			:155 
 Region.x			:80 
 Region.y			:600 
 
Setting up initial square array configuration ....	 
 
number of particle	:48000
write out the inital configuration ...

START OF MARKOV CHAIN


ACM:	Ratio:	Drmax:


   50  0.5160  0.0490 
  100  0.5090  0.0509 
  150  0.4988  0.0529 
  200  0.5049  0.0607 
  250  0.5073  0.0630 
  300  0.4982  0.0592 
  350  0.4926  0.0614 
  400  0.5202  0.0638 
  450  0.5031  0.0662 
  500  0.4944  0.0622 
  550  0.5202  0.0646 
  600  0.5055  0.0670 
  650  0.4959  0.0630 
  700  0.4850  0.0654 
  750  0.5072  0.0679 
  800  0.4977  0.0637 
  850  0.4873  0.0662 
  900  0.5096  0.0687 
  950  0.4977  0.0645 
 1000  0.5179  0.0670 
 1050  0.5026  0.0696 
 1100  0.4973  0.0654 
 1150  0.4882  0.0679 
 1200  0.5000  0.0637 
 1250  0.4935  0.0662 
 1300  0.5155  0.0687 
 1350  0.5038  0.0713 
 1400  0.4891  0.0670 
 1450  0.5099  0.0696 
 1500  0.4993  0.0653 
 1550  0.5199  0.0678 
 1600  0.5074  0.0704 
 1650  0.4966  0.0662 
 1700  0.4869  0.0687 
 1750  0.5076  0.0713 
 1800  0.4973  0.0670 
 1850  0.5172  0.0695 
 1900  0.5057  0.0722 
 1950  0.4926  0.0678 
 2000  0.5111  0.0704 
 2050  0.5014  0.0731 
 2100  0.4903  0.0687 
 2150  0.5076  0.0713 
 2200  0.4979  0.0670 
 2250  0.4840  0.0695 
 2300  0.5073  0.0722 
 2350  0.4946  0.0678 
 2400  0.5117  0.0704 
 2450  0.4977  0.0661 
 2500  0.4946  0.0687 
 2550  0.5172  0.0713 
 2600  0.5028  0.0740 
 2650  0.4865  0.0695 
 2700  0.5102  0.0722 
 2750  0.4980  0.0678 
 2800  0.5172  0.0704 
 2850  0.5033  0.0731 
 2900  0.4906  0.0686 
 2950  0.5106  0.0713 
 3000  0.4996  0.0669 
 3050  0.5202  0.0695 
 3100  0.5090  0.0722 
 3150  0.5008  0.0749 
 3200  0.5157  0.0704 
 3250  0.5081  0.0731 
 3300  0.4887  0.0686 
 3350  0.5159  0.0713 
 3400  0.5026  0.0740 
 3450  0.4901  0.0695 
 3500  0.5104  0.0721 
 3550  0.4989  0.0678 
 3600  0.4897  0.0704 
 3650  0.5082  0.0730 
 3700  0.4954  0.0686 
 3750  0.4804  0.0712 
 3800  0.5058  0.0740 
 3850  0.4902  0.0695 
 3900  0.5145  0.0721 
 3950  0.4997  0.0678 
 4000  0.4926  0.0703 
 4050  0.5112  0.0730 
 4100  0.4956  0.0686 
 4150  0.5151  0.0712 
 4200  0.5055  0.0739 
 4250  0.4915  0.0695 
 4300  0.5138  0.0721 
 4350  0.5031  0.0749 
 4400  0.4926  0.0703 
 4450  0.5098  0.0730 
 4500  0.5005  0.0758 
 4550  0.5186  0.0712 
 4600  0.5096  0.0739 
 4650  0.4919  0.0694 
 4700  0.4844  0.0721 
 4750  0.4988  0.0677 
 4800  0.4878  0.0703 
 4850  0.5098  0.0730 
 4900  0.4996  0.0686 
 4950  0.5160  0.0712 
 5000  0.5060  0.0739 
 5050  0.4927  0.0694 
 5100  0.5155  0.0721 
 5150  0.5021  0.0748 
 5200  0.4923  0.0703 
 5250  0.5096  0.0730 
 5300  0.5021  0.0758 
 5350  0.4890  0.0712 
 5400  0.5068  0.0739 
 5450  0.4981  0.0694 
 5500  0.5212  0.0721 
 5550  0.5056  0.0748 
 5600  0.4875  0.0703 
 5650  0.5082  0.0730 
 5700  0.5012  0.0758 
 5750  0.4875  0.0712 
 5800  0.5066  0.0739 
 5850  0.4974  0.0694 
 5900  0.4829  0.0721 
 5950  0.5002  0.0748 
 6000  0.4922  0.0703 
 6050  0.5147  0.0730 
 6100  0.5042  0.0757 
 6150  0.4911  0.0711 
 6200  0.5095  0.0739 
 6250  0.4941  0.0694 
 6300  0.5168  0.0720 
 6350  0.5057  0.0748 
 6400  0.4942  0.0703 
 6450  0.5141  0.0729 
 6500  0.5010  0.0757 
 6550  0.4876  0.0711 
 6600  0.5029  0.0739 
 6650  0.4924  0.0694 
 6700  0.4829  0.0720 
 6750  0.5015  0.0748 
 6800  0.4902  0.0702 
 6850  0.5092  0.0729 
 6900  0.5038  0.0757 
 6950  0.4902  0.0711 
 7000  0.5112  0.0738 
 7050  0.4960  0.0694 
 7100  0.4829  0.0720 
 7150  0.5035  0.0748 
 7200  0.4937  0.0702 
 7250  0.5081  0.0729 
 7300  0.4994  0.0685 
 7350  0.4921  0.0711 
 7400  0.5085  0.0738 
 7450  0.4996  0.0693 
 7500  0.5169  0.0720 
 7550  0.5037  0.0747 
 7600  0.4938  0.0702 
 7650  0.5104  0.0729 
 7700  0.5042  0.0757 
 7750  0.4858  0.0711 
 7800  0.5092  0.0738 
 7850  0.4976  0.0693 
 7900  0.4880  0.0720 
 7950  0.5066  0.0747 
 8000  0.4966  0.0702 
 8050  0.5105  0.0729 
 8100  0.5010  0.0757 
 8150  0.4912  0.0711 
 8200  0.5101  0.0738 
 8250  0.4976  0.0693 
 8300  0.4864  0.0720 
 8350  0.5057  0.0747 
 8400  0.4912  0.0702 
 8450  0.5127  0.0729 
 8500  0.5013  0.0756 
 8550  0.4853  0.0711 
 8600  0.5062  0.0738 
 8650  0.4975  0.0693 
 8700  0.5225  0.0719 
 8750  0.5054  0.0747 
 8800  0.4959  0.0702 
 8850  0.5097  0.0728 
 8900  0.4992  0.0684 
 8950  0.4906  0.0710 
 9000  0.5102  0.0738 
 9050  0.4972  0.0693 
 9100  0.5176  0.0719 
 9150  0.5044  0.0747 
 9200  0.4895  0.0702 
 9250  0.5156  0.0728 
 9300  0.5002  0.0756 
 9350  0.4836  0.0710 
 9400  0.5093  0.0737 
 9450  0.4976  0.0693 
 9500  0.4868  0.0719 
 9550  0.5076  0.0747 
 9600  0.4916  0.0701 
 9650  0.5124  0.0728 
 9700  0.5016  0.0756 
 9750  0.4858  0.0710 
 9800  0.5086  0.0737 
 9850  0.4994  0.0693 
 9900  0.4875  0.0719 
 9950  0.5101  0.0747 
10000  0.4981  0.0701 
10050  0.4822  0.0728 
10100  0.5028  0.0756 
10150  0.4870  0.0710 
10200  0.5118  0.0737 
10250  0.4996  0.0692 
10300  0.4883  0.0719 
10350  0.5050  0.0746 
10400  0.4922  0.0701 
10450  0.4849  0.0728 
10500  0.5046  0.0756 
10550  0.4913  0.0710 
10600  0.5111  0.0737 
10650  0.4983  0.0692 
10700  0.5234  0.0719 
10750  0.5087  0.0746 
10800  0.4957  0.0701 
10850  0.5135  0.0728 
10900  0.5055  0.0756 
10950  0.4906  0.0710 
11000  0.5134  0.0737 
11050  0.4993  0.0692 
11100  0.4900  0.0719 
11150  0.5063  0.0746 
11200  0.4909  0.0701 
11250  0.4845  0.0728 
11300  0.5048  0.0755 
11350  0.4904  0.0710 
11400  0.5148  0.0737 
11450  0.5014  0.0765 
11500  0.4880  0.0718 
11550  0.5095  0.0746 
11600  0.5021  0.0774 
11650  0.5175  0.0727 
11700  0.5068  0.0755 
11750  0.4914  0.0709 
11800  0.5117  0.0737 
11850  0.5020  0.0765 
11900  0.4928  0.0718 
11950  0.5071  0.0746 
12000  0.4968  0.0700 
12050  0.5152  0.0727 
12100  0.5025  0.0755 
12150  0.4925  0.0709 
12200  0.5101  0.0736 
12250  0.5050  0.0765 
12300  0.4899  0.0718 
12350  0.5085  0.0746 
12400  0.4984  0.0700 
12450  0.4808  0.0727 
12500  0.5045  0.0755 
12550  0.4895  0.0709 
12600  0.5105  0.0736 
12650  0.4983  0.0692 
12700  0.4905  0.0718 
12750  0.5089  0.0745 
12800  0.4967  0.0700 
12850  0.5113  0.0727 
12900  0.5034  0.0755 
12950  0.4920  0.0709 
13000  0.5108  0.0736 
13050  0.4990  0.0691 
13100  0.4869  0.0718 
13150  0.5075  0.0745 
13200  0.4969  0.0700 
13250  0.5124  0.0727 
13300  0.5050  0.0755 
13350  0.4935  0.0709 
13400  0.5138  0.0736 
13450  0.5017  0.0764 
13500  0.4900  0.0718 
13550  0.5087  0.0745 
13600  0.4974  0.0700 
13650  0.5191  0.0727 
13700  0.5031  0.0754 
13750  0.4969  0.0709 
13800  0.5094  0.0736 
13850  0.5045  0.0764 
13900  0.4889  0.0718 
13950  0.5116  0.0745 
14000  0.4979  0.0700 
14050  0.4847  0.0727 
14100  0.5071  0.0754 
14150  0.4930  0.0709 
14200  0.5132  0.0736 
14250  0.5022  0.0764 
14300  0.4875  0.0717 
14350  0.5093  0.0745 
14400  0.4966  0.0700 
14450  0.4850  0.0726 
14500  0.5088  0.0754 
14550  0.4909  0.0708 
14600  0.5201  0.0735 
14650  0.5055  0.0764 
14700  0.4930  0.0717 
14750  0.5135  0.0745 
14800  0.5016  0.0773 
14850  0.4836  0.0726 
14900  0.5035  0.0754 
14950  0.4966  0.0708 
15000  0.5149  0.0735 
15050  0.5016  0.0763 
15100  0.4938  0.0717 
15150  0.5139  0.0744 
15200  0.4965  0.0699 
15250  0.4850  0.0726 
15300  0.5085  0.0754 
15350  0.4935  0.0708 
15400  0.5151  0.0735 
15450  0.5008  0.0763 
15500  0.4870  0.0717 
15550  0.5083  0.0744 
15600  0.4986  0.0699 
15650  0.5176  0.0726 
15700  0.5063  0.0754 
15750  0.4954  0.0708 
15800  0.5160  0.0735 
15850  0.5046  0.0763 
15900  0.4905  0.0717 
15950  0.5126  0.0744 
16000  0.4963  0.0699 
16050  0.4820  0.0726 
16100  0.5037  0.0753 
16150  0.4906  0.0708 
16200  0.5151  0.0735 
16250  0.5041  0.0763 
16300  0.4897  0.0717 
16350  0.5122  0.0744 
16400  0.4969  0.0699 
16450  0.4825  0.0726 
16500  0.5099  0.0753 
16550  0.4966  0.0708 
16600  0.5177  0.0735 
16650  0.5055  0.0763 
16700  0.4903  0.0716 
16750  0.5093  0.0744 
16800  0.4975  0.0699 
16850  0.4855  0.0725 
16900  0.5048  0.0753 
16950  0.4952  0.0707 
17000  0.4805  0.0735 
17050  0.5031  0.0763 
17100  0.4895  0.0716 
17150  0.5142  0.0744 
17200  0.4991  0.0699 
17250  0.4880  0.0725 
17300  0.5109  0.0753 
17350  0.4953  0.0707 
17400  0.4878  0.0734 
17450  0.5013  0.0762 
17500  0.4925  0.0716 
17550  0.5129  0.0744 
17600  0.5009  0.0772 
17650  0.4839  0.0725 
17700  0.5084  0.0753 
17750  0.4947  0.0707 
17800  0.5198  0.0734 
17850  0.5038  0.0762 
17900  0.4930  0.0716 
17950  0.5098  0.0743 
18000  0.4994  0.0698 
18050  0.4826  0.0725 
18100  0.5097  0.0753 
18150  0.4958  0.0707 
18200  0.5128  0.0734 
18250  0.5013  0.0762 
18300  0.4905  0.0716 
18350  0.5125  0.0743 
18400  0.4946  0.0698 
18450  0.4854  0.0725 
18500  0.5155  0.0753 
18550  0.4971  0.0707 
18600  0.4849  0.0734 
18650  0.5049  0.0762 
18700  0.4925  0.0716 
18750  0.5142  0.0743 
18800  0.4989  0.0698 
18850  0.4834  0.0725 
18900  0.5076  0.0752 
18950  0.4969  0.0707 
19000  0.4798  0.0734 
19050  0.5045  0.0762 
19100  0.4898  0.0716 
19150  0.5117  0.0743 
19200  0.5024  0.0771 
19250  0.4865  0.0725 
19300  0.5046  0.0752 
19350  0.4973  0.0707 
19400  0.5149  0.0734 
19450  0.5058  0.0762 
19500  0.4920  0.0715 
19550  0.5139  0.0743 
19600  0.4995  0.0698 
19650  0.4851  0.0724 
19700  0.5074  0.0752 
19750  0.4923  0.0706 
19800  0.5160  0.0733 
19850  0.5064  0.0761 
19900  0.4838  0.0715 
19950  0.5098  0.0743 
20000  0.4999  0.0698 
20050  0.4882  0.0724 
20100  0.5069  0.0752 
20150  0.4941  0.0706 
20200  0.5127  0.0733 
20250  0.5043  0.0761 
20300  0.4900  0.0715 
20350  0.5139  0.0742 
20400  0.5021  0.0771 
20450  0.4849  0.0724 
20500  0.5049  0.0752 
20550  0.4976  0.0706 
20600  0.5176  0.0733 
20650  0.5056  0.0761 
20700  0.4913  0.0715 
20750  0.5096  0.0742 
20800  0.5013  0.0771 
20850  0.4861  0.0724 
20900  0.5121  0.0752 
20950  0.4962  0.0706 
21000  0.5170  0.0733 
21050  0.5039  0.0761 
21100  0.4916  0.0715 
21150  0.5128  0.0742 
21200  0.5031  0.0771 
21250  0.4927  0.0724 
21300  0.5120  0.0751 
21350  0.4944  0.0706 
21400  0.4886  0.0733 
21450  0.5052  0.0761 
21500  0.4917  0.0715 
21550  0.5099  0.0742 
21600  0.5023  0.0770 
21650  0.4911  0.0724 
21700  0.5108  0.0751 
21750  0.4931  0.0706 
21800  0.4865  0.0733 
21850  0.5065  0.0761 
21900  0.4926  0.0715 
21950  0.5136  0.0742 
22000  0.5035  0.0770 
22050  0.4870  0.0723 
22100  0.5080  0.0751 
22150  0.4993  0.0706 
22200  0.5166  0.0733 
22250  0.5071  0.0761 
22300  0.4958  0.0714 
22350  0.5137  0.0742 
22400  0.5047  0.0770 
22450  0.4902  0.0723 
22500  0.5110  0.0751 
22550  0.4965  0.0705 
22600  0.5165  0.0732 
22650  0.5031  0.0760 
22700  0.4900  0.0714 
22750  0.5121  0.0742 
22800  0.5014  0.0770 
22850  0.4877  0.0723 
22900  0.5128  0.0751 
22950  0.4897  0.0705 
23000  0.4861  0.0732 
23050  0.5060  0.0760 
23100  0.4916  0.0714 
23150  0.5139  0.0741 
23200  0.5008  0.0770 
23250  0.4862  0.0723 
23300  0.5101  0.0751 
23350  0.4957  0.0705 
23400  0.5172  0.0732 
23450  0.5032  0.0760 
23500  0.4888  0.0714 
23550  0.5159  0.0741 
23600  0.4976  0.0696 
23650  0.4891  0.0723 
23700  0.5068  0.0751 
23750  0.4990  0.0705 
23800  0.4827  0.0732 
23850  0.5066  0.0760 
23900  0.4891  0.0714 
23950  0.5129  0.0741 
24000  0.5006  0.0769 
24050  0.4898  0.0723 
24100  0.5078  0.0750 
24150  0.4946  0.0705 
24200  0.4831  0.0732 
24250  0.5091  0.0760 
24300  0.4928  0.0714 
24350  0.5135  0.0741 
24400  0.5027  0.0769 
24450  0.4917  0.0723 
24500  0.5072  0.0750 
24550  0.4973  0.0705 
24600  0.5198  0.0732 
24650  0.4993  0.0687 
24700  0.4935  0.0714 
24750  0.5087  0.0741 
24800  0.5042  0.0769 
24850  0.4897  0.0722 
24900  0.5052  0.0750 
24950  0.4977  0.0705 
25000  0.4889  0.0731 
25050  0.5092  0.0759 
25100  0.4968  0.0713 
25150  0.5140  0.0741 
25200  0.5026  0.0769 
25250  0.4851  0.0722 
25300  0.5074  0.0750 
25350  0.4988  0.0704 
25400  0.4892  0.0731 
25450  0.5035  0.0759 
25500  0.4936  0.0713 
25550  0.5149  0.0740 
25600  0.5019  0.0769 
25650  0.4865  0.0722 
25700  0.5083  0.0750 
25750  0.4996  0.0704 
25800  0.5166  0.0731 
25850  0.5087  0.0759 
25900  0.4902  0.0713 
25950  0.5126  0.0740 
26000  0.4983  0.0695 
26050  0.4884  0.0722 
26100  0.5078  0.0750 
26150  0.4988  0.0704 
26200  0.5182  0.0731 
26250  0.5096  0.0759 
26300  0.4973  0.0713 
26350  0.5203  0.0740 
26400  0.5033  0.0768 
26450  0.4906  0.0722 
26500  0.5127  0.0749 
26550  0.4963  0.0704 
26600  0.4864  0.0731 
26650  0.5055  0.0759 
26700  0.4929  0.0713 
26750  0.5144  0.0740 
26800  0.5007  0.0768 
26850  0.4903  0.0722 
26900  0.5139  0.0749 
26950  0.4986  0.0704 
27000  0.4841  0.0731 
27050  0.5023  0.0759 
27100  0.4957  0.0713 
27150  0.5163  0.0740 
27200  0.5002  0.0768 
27250  0.4897  0.0722 
27300  0.5115  0.0749 
27350  0.4991  0.0704 
27400  0.4863  0.0731 
27450  0.5097  0.0758 
27500  0.4887  0.0712 
27550  0.5128  0.0740 
27600  0.4985  0.0695 
27650  0.4914  0.0721 
27700  0.5136  0.0749 
27750  0.4993  0.0704 
27800  0.5158  0.0730 
27850  0.5114  0.0758 
27900  0.4917  0.0712 
27950  0.5123  0.0740 
28000  0.5054  0.0768 
28050  0.4881  0.0721 
28100  0.5106  0.0749 
28150  0.4963  0.0703 
28200  0.4827  0.0730 
28250  0.5061  0.0758 
28300  0.4960  0.0712 
28350  0.4841  0.0739 
28400  0.5061  0.0768 
28450  0.4908  0.0721 
28500  0.5141  0.0749 
28550  0.4977  0.0703 
28600  0.4879  0.0730 
28650  0.5082  0.0758 
28700  0.4936  0.0712 
28750  0.5140  0.0739 
28800  0.5062  0.0767 
28850  0.4916  0.0721 
28900  0.5149  0.0748 
28950  0.5029  0.0777 
29000  0.4890  0.0730 
29050  0.5095  0.0758 
29100  0.4955  0.0712 
29150  0.4831  0.0739 
29200  0.5001  0.0767 
29250  0.4914  0.0721 
29300  0.5111  0.0748 
29350  0.5021  0.0777 
29400  0.4861  0.0730 
29450  0.5092  0.0758 
29500  0.4928  0.0712 
29550  0.5175  0.0739 
29600  0.5045  0.0767 
29650  0.4902  0.0721 
29700  0.5090  0.0748 
29750  0.4978  0.0703 
29800  0.4893  0.0730 
29850  0.5046  0.0758 
29900  0.4990  0.0712 
29950  0.5140  0.0739 
30000  0.5038  0.0767 
30050  0.4884  0.0720 
30100  0.5089  0.0748 
30150  0.4996  0.0703 
30200  0.5188  0.0729 
30250  0.5067  0.0757 
30300  0.4959  0.0711 
30350  0.4843  0.0739 
30400  0.5056  0.0767 
30450  0.4965  0.0720 
30500  0.5170  0.0748 
30550  0.4993  0.0702 
30600  0.4882  0.0729 
30650  0.5105  0.0757 
30700  0.4954  0.0711 
30750  0.5134  0.0738 
30800  0.4996  0.0694 
30850  0.4931  0.0720 
30900  0.5147  0.0748 
30950  0.5029  0.0776 
31000  0.4853  0.0729 
31050  0.5101  0.0757 
31100  0.4939  0.0711 
31150  0.4824  0.0738 
31200  0.5069  0.0767 
31250  0.4938  0.0720 
31300  0.5154  0.0748 
31350  0.5023  0.0776 
31400  0.4889  0.0729 
31450  0.5089  0.0757 
31500  0.4976  0.0711 
31550  0.5195  0.0738 
31600  0.5016  0.0766 
31650  0.4902  0.0720 
31700  0.5108  0.0747 
31750  0.4966  0.0702 
31800  0.4901  0.0729 
31850  0.5060  0.0757 
31900  0.4956  0.0711 
31950  0.5124  0.0738 
32000  0.5037  0.0766 
32050  0.4951  0.0720 
32100  0.5103  0.0747 
32150  0.5034  0.0776 
32200  0.4831  0.0729 
32250  0.5085  0.0757 
32300  0.4929  0.0711 
32350  0.5138  0.0738 
32400  0.5020  0.0766 
32450  0.4905  0.0720 
32500  0.5143  0.0747 
32550  0.5028  0.0776 
32600  0.4891  0.0729 
32650  0.5104  0.0756 
32700  0.4974  0.0711 
32750  0.5174  0.0738 
32800  0.5067  0.0766 
32850  0.4895  0.0719 
32900  0.5152  0.0747 
32950  0.5063  0.0775 
33000  0.4895  0.0728 
33050  0.5090  0.0756 
33100  0.4953  0.0710 
33150  0.4849  0.0738 
33200  0.5067  0.0766 
33250  0.4950  0.0719 
33300  0.5110  0.0747 
33350  0.4986  0.0701 
33400  0.4880  0.0728 
33450  0.5088  0.0756 
33500  0.4973  0.0710 
33550  0.4855  0.0737 
33600  0.5059  0.0766 
33650  0.4905  0.0719 
33700  0.5157  0.0747 
33750  0.4996  0.0701 
33800  0.4869  0.0728 
33850  0.5071  0.0756 
33900  0.4958  0.0710 
33950  0.5180  0.0737 
34000  0.5041  0.0765 
34050  0.4897  0.0719 
34100  0.5159  0.0746 
34150  0.4996  0.0701 
34200  0.4891  0.0728 
34250  0.5069  0.0756 
34300  0.4969  0.0710 
34350  0.4850  0.0737 
34400  0.5056  0.0765 
34450  0.4917  0.0719 
34500  0.5135  0.0746 
34550  0.4959  0.0701 
34600  0.4870  0.0728 
34650  0.5077  0.0756 
34700  0.4981  0.0710 
34750  0.5204  0.0737 
34800  0.5036  0.0765 
34850  0.4918  0.0719 
34900  0.5132  0.0746 
34950  0.4990  0.0701 
35000  0.4883  0.0728 
35050  0.5086  0.0755 
35100  0.4973  0.0710 
35150  0.4868  0.0737 
35200  0.5078  0.0765 
35250  0.4880  0.0719 
35300  0.5081  0.0746 
35350  0.4992  0.0701 
35400  0.4838  0.0728 
35450  0.5056  0.0755 
35500  0.4989  0.0709 
35550  0.5193  0.0737 
35600  0.5010  0.0765 
35650  0.4891  0.0718 
35700  0.5136  0.0746 
35750  0.4962  0.0701 
35800  0.4889  0.0727 
35850  0.5091  0.0755 
35900  0.4989  0.0709 
35950  0.4818  0.0736 
36000  0.5039  0.0765 
36050  0.4946  0.0718 
36100  0.5100  0.0746 
36150  0.4994  0.0700 
36200  0.4925  0.0727 
36250  0.5111  0.0755 
36300  0.4942  0.0709 
36350  0.5148  0.0736 
36400  0.5034  0.0764 
36450  0.4893  0.0718 
36500  0.5131  0.0746 
36550  0.5017  0.0774 
36600  0.4907  0.0727 
36650  0.5106  0.0755 
36700  0.4938  0.0709 
36750  0.4831  0.0736 
36800  0.4978  0.0691 
36850  0.4946  0.0718 
36900  0.5146  0.0745 
36950  0.4978  0.0700 
37000  0.4877  0.0727 
37050  0.5093  0.0755 
37100  0.5008  0.0784 
37150  0.4845  0.0736 
37200  0.4990  0.0691 
37250  0.4977  0.0718 
37300  0.5134  0.0745 
37350  0.5018  0.0774 
37400  0.4894  0.0727 
37450  0.5071  0.0755 
37500  0.4960  0.0709 
37550  0.4857  0.0736 
37600  0.5046  0.0764 
37650  0.4890  0.0718 
37700  0.5102  0.0745 
37750  0.5002  0.0774 
37800  0.4899  0.0727 
37850  0.5104  0.0754 
37900  0.4955  0.0709 
37950  0.4839  0.0736 
38000  0.5026  0.0764 
38050  0.4950  0.0717 
38100  0.4806  0.0745 
38150  0.5030  0.0773 
38200  0.4847  0.0726 
38250  0.5131  0.0754 
38300  0.5014  0.0783 
38350  0.4846  0.0736 
38400  0.5019  0.0764 
38450  0.4916  0.0717 
38500  0.5117  0.0745 
38550  0.4981  0.0700 
38600  0.4845  0.0726 
38650  0.5118  0.0754 
38700  0.4967  0.0708 
38750  0.5185  0.0735 
38800  0.5041  0.0763 
38850  0.4901  0.0717 
38900  0.5071  0.0745 
38950  0.5025  0.0773 
39000  0.4865  0.0726 
39050  0.5086  0.0754 
39100  0.4951  0.0708 
39150  0.5124  0.0735 
39200  0.5066  0.0763 
39250  0.4895  0.0717 
39300  0.4794  0.0744 
39350  0.5032  0.0773 
39400  0.4867  0.0726 
39450  0.5052  0.0754 
39500  0.4979  0.0708 
39550  0.4839  0.0735 
39600  0.5046  0.0763 
39650  0.4925  0.0717 
39700  0.5147  0.0744 
39750  0.4995  0.0699 
39800  0.4891  0.0726 
39850  0.5074  0.0754 
39900  0.4945  0.0708 
39950  0.5163  0.0735 
40000  0.5070  0.0763 
40050  0.4932  0.0717 
40100  0.5113  0.0744 
40150  0.5036  0.0773 
40200  0.4890  0.0726 
40250  0.5093  0.0753 
40300  0.4962  0.0708 
40350  0.4844  0.0735 
40400  0.5033  0.0763 
40450  0.4902  0.0717 
40500  0.5142  0.0744 
40550  0.5050  0.0772 
40600  0.4891  0.0726 
40650  0.5136  0.0753 
40700  0.4928  0.0708 
40750  0.5203  0.0735 
40800  0.5093  0.0763 
40850  0.4943  0.0716 
40900  0.5196  0.0744 
40950  0.5017  0.0772 
41000  0.4915  0.0725 
41050  0.5153  0.0753 
41100  0.4946  0.0707 
41150  0.4867  0.0734 
41200  0.5031  0.0763 
41250  0.4916  0.0716 
41300  0.5180  0.0744 
41350  0.5013  0.0772 
41400  0.4954  0.0725 
41450  0.5122  0.0753 
41500  0.5024  0.0782 
41550  0.4863  0.0734 
41600  0.5030  0.0762 
41650  0.4915  0.0716 
41700  0.5123  0.0743 
41750  0.5031  0.0772 
41800  0.4858  0.0725 
41850  0.5120  0.0753 
41900  0.4992  0.0707 
41950  0.4840  0.0734 
42000  0.5069  0.0762 
42050  0.4912  0.0716 
42100  0.4797  0.0743 
42150  0.4999  0.0698 
42200  0.4929  0.0725 
42250  0.5101  0.0753 
42300  0.4969  0.0707 
42350  0.4859  0.0734 
42400  0.5029  0.0762 
42450  0.4931  0.0716 
42500  0.4792  0.0743 
42550  0.5038  0.0772 
42600  0.4882  0.0725 
42650  0.5099  0.0752 
42700  0.4978  0.0707 
42750  0.4854  0.0734 
42800  0.5091  0.0762 
42850  0.4941  0.0716 
42900  0.5210  0.0743 
42950  0.4997  0.0698 
43000  0.4862  0.0725 
43050  0.5096  0.0752 
43100  0.4969  0.0707 
43150  0.5197  0.0734 
43200  0.5083  0.0762 
43250  0.4940  0.0716 
43300  0.5167  0.0743 
43350  0.5012  0.0771 
43400  0.4926  0.0724 
43450  0.5119  0.0752 
43500  0.5018  0.0781 
43550  0.4841  0.0734 
43600  0.5054  0.0762 
43650  0.4953  0.0715 
43700  0.5160  0.0743 
43750  0.5014  0.0771 
43800  0.4915  0.0724 
43850  0.5114  0.0752 
43900  0.4976  0.0706 
43950  0.4849  0.0733 
44000  0.5027  0.0761 
44050  0.4950  0.0715 
44100  0.5118  0.0743 
44150  0.5029  0.0771 
44200  0.4873  0.0724 
44250  0.5120  0.0752 
44300  0.4956  0.0706 
44350  0.4875  0.0733 
44400  0.5014  0.0761 
44450  0.4922  0.0715 
44500  0.5149  0.0742 
44550  0.5032  0.0771 
44600  0.4911  0.0724 
44650  0.5126  0.0752 
44700  0.4994  0.0706 
44750  0.5195  0.0733 
44800  0.5055  0.0761 
44850  0.4968  0.0715 
44900  0.5168  0.0742 
44950  0.5020  0.0771 
45000  0.4878  0.0724 
45050  0.5127  0.0752 
45100  0.5014  0.0780 
45150  0.4827  0.0733 
45200  0.5057  0.0761 
45250  0.4915  0.0715 
45300  0.5164  0.0742 
45350  0.5015  0.0770 
45400  0.4944  0.0724 
45450  0.5113  0.0751 
45500  0.4985  0.0706 
45550  0.4842  0.0733 
45600  0.5041  0.0761 
45650  0.4955  0.0715 
45700  0.5164  0.0742 
45750  0.4993  0.0697 
45800  0.4896  0.0724 
45850  0.5076  0.0751 
45900  0.4959  0.0706 
45950  0.4835  0.0733 
46000  0.5022  0.0761 
46050  0.4940  0.0714 
46100  0.5180  0.0742 
46150  0.5048  0.0770 
46200  0.4925  0.0723 
46250  0.5101  0.0751 
46300  0.4972  0.0706 
46350  0.4884  0.0732 
46400  0.5049  0.0760 
46450  0.4942  0.0714 
46500  0.5222  0.0742 
46550  0.5023  0.0770 
46600  0.4925  0.0723 
46650  0.5099  0.0751 
46700  0.4976  0.0705 
46750  0.4881  0.0732 
46800  0.5048  0.0760 
46850  0.4937  0.0714 
46900  0.5156  0.0741 
46950  0.5078  0.0770 
47000  0.4889  0.0723 
47050  0.5079  0.0751 
47100  0.4934  0.0705 
47150  0.4913  0.0732 
47200  0.5055  0.0760 
47250  0.4965  0.0714 
47300  0.5137  0.0741 
47350  0.5032  0.0770 
47400  0.4848  0.0723 
47450  0.5047  0.0751 
47500  0.4977  0.0705 
47550  0.5163  0.0732 
47600  0.5098  0.0760 
47650  0.4925  0.0714 
47700  0.5117  0.0741 
47750  0.5009  0.0769 
47800  0.4854  0.0723 
47850  0.5078  0.0750 
47900  0.4994  0.0705 
47950  0.5192  0.0732 
48000  0.5048  0.0760 
48050  0.4896  0.0714 
48100  0.5114  0.0741 
48150  0.5031  0.0769 
48200  0.4917  0.0723 
48250  0.5135  0.0750 
48300  0.4997  0.0705 
48350  0.5215  0.0732 
48400  0.5111  0.0760 
48450  0.4958  0.0714 
48500  0.4822  0.0741 
48550  0.5022  0.0769 
48600  0.4959  0.0723 
48650  0.5099  0.0750 
48700  0.4931  0.0705 
48750  0.4822  0.0732 
48800  0.5061  0.0760 
48850  0.4964  0.0713 
48900  0.5169  0.0741 
48950  0.5059  0.0769 
49000  0.4885  0.0722 
49050  0.5133  0.0750 
49100  0.4967  0.0704 
49150  0.4860  0.0731 
49200  0.5092  0.0759 
49250  0.4945  0.0713 
49300  0.4791  0.0741 
49350  0.5067  0.0769 
49400  0.4950  0.0722 
49450  0.5100  0.0750 
49500  0.4984  0.0704 
49550  0.4854  0.0731 
49600  0.5052  0.0759 
49650  0.4946  0.0713 
49700  0.5204  0.0740 
49750  0.5016  0.0769 
49800  0.4903  0.0722 
49850  0.5157  0.0750 
49900  0.4954  0.0704 
49950  0.4887  0.0731 
50000  0.5063  0.0759 
write the RDF for 	1000	configs 
 
Simulation is done!!
Elapsed time for the simulation is	: 446561
----------------------------------------
Begin PBS Epilogue Thu Aug 17 20:34:50 EDT 2017 1503016490
Job ID:		97888995.gm-1r16-n04.guillimin.clumeq.ca
Username:	hophy
Group:		fyw-423-02
Job Name:	zerorder_Amp_discrete
Session:	11421
Limits:		neednodes=1:ppn=16,nodes=1:ppn=16,pmem=3700mb,walltime=120:00:00
Resources:	cput=124:02:23,energy_used=0,mem=23608kb,vmem=1407028kb,walltime=07:45:48
Queue:		sw2-parallel
Account:	fyw-423-ad
Exit code:	134
Nodes:	sw-4r04-n08
Killing leftovers...

End PBS Epilogue Thu Aug 17 20:34:50 EDT 2017 1503016490
----------------------------------------
